#
# There is insufficient memory for the Java Runtime Environment to continue.
# Native memory allocation (malloc) failed to allocate 1048576 bytes. Error detail: AllocateHeap
# Possible reasons:
#   The system is out of physical RAM or swap space
#   This process is running with CompressedOops enabled, and the Java Heap may be blocking the growth of the native heap
# Possible solutions:
#   Reduce memory load on the system
#   Increase physical memory or swap space
#   Check if swap backing store is full
#   Decrease Java heap size (-Xmx/-Xms)
#   Decrease number of Java threads
#   Decrease Java thread stack sizes (-Xss)
#   Set larger code cache with -XX:ReservedCodeCacheSize=
#   JVM is running with Unscaled Compressed Oops mode in which the Java heap is
#     placed in the first 4GB address space. The Java Heap base address is the
#     maximum limit for the native heap growth. Please use -XX:HeapBaseMinAddress
#     to set the Java Heap base and to place the Java Heap above 4GB virtual address.
# This output file may be truncated or incomplete.
#
#  Out of Memory Error (allocation.cpp:44), pid=34104, tid=21308
#
# JRE version:  (21.0.10+7) (build )
# Java VM: OpenJDK 64-Bit Server VM (21.0.10+7-LTS, mixed mode, tiered, compressed oops, compressed class ptrs, parallel gc, windows-amd64)
# No core dump will be written. Minidumps are not enabled by default on client versions of Windows
#

---------------  S U M M A R Y ------------

Command Line: --add-modules=ALL-SYSTEM --add-opens=java.base/java.util=ALL-UNNAMED --add-opens=java.base/java.lang=ALL-UNNAMED --add-opens=java.base/sun.nio.fs=ALL-UNNAMED -Declipse.application=org.eclipse.jdt.ls.core.id1 -Dosgi.bundles.defaultStartLevel=4 -Declipse.product=org.eclipse.jdt.ls.core.product -Djava.import.generatesMetadataFilesAtProjectRoot=false -DDetectVMInstallationsJob.disabled=true -Dfile.encoding=utf8 -XX:+UseParallelGC -XX:GCTimeRatio=4 -XX:AdaptiveSizePolicyWeight=90 -Dsun.zip.disableMemoryMapping=true -Xmx2G -Xms100m -Xlog:disable -javaagent:c:\Users\Bershikha Rex B S\.vscode\extensions\redhat.java-1.53.0-win32-x64\lombok\lombok-1.18.39-4050.jar c:\Users\Bershikha Rex B S\.vscode\extensions\redhat.java-1.53.0-win32-x64\server\plugins\org.eclipse.equinox.launcher_1.7.100.v20251111-0406.jar -configuration c:\Users\Bershikha Rex B S\AppData\Roaming\Code\User\globalStorage\redhat.java\1.53.0\config_ss_win -data c:\Users\Bershikha Rex B S\AppData\Roaming\Code\User\workspaceStorage\d17b2a8bda375e4a375c6919c8b59eb3\redhat.java\ss_ws --pipe=\\.\pipe\lsp-83da918c4dd5161e7e00c4ba312d1028-sock

Host: 12th Gen Intel(R) Core(TM) i3-1215U, 8 cores, 7G,  Windows 11 , 64 bit Build 26100 (10.0.26100.7920)
Time: Thu Mar 26 14:12:13 2026 India Standard Time elapsed time: 2.152778 seconds (0d 0h 0m 2s)

---------------  T H R E A D  ---------------

Current thread (0x0000028b0ab6ea40):  JavaThread "Unknown thread" [_thread_in_vm, id=21308, stack(0x000000964c500000,0x000000964c600000) (1024K)]

Stack: [0x000000964c500000,0x000000964c600000]
Native frames: (J=compiled Java code, j=interpreted, Vv=VM code, C=native code)
V  [jvm.dll+0x6d7a39]
V  [jvm.dll+0x8b4b26]
V  [jvm.dll+0x8b70de]
V  [jvm.dll+0x8b77c3]
V  [jvm.dll+0x284346]
V  [jvm.dll+0xc1277]
V  [jvm.dll+0x70ba02]
V  [jvm.dll+0x70c73c]
V  [jvm.dll+0x6e65d3]
V  [jvm.dll+0x87f17c]
V  [jvm.dll+0x3c49fc]
V  [jvm.dll+0x867e6b]
V  [jvm.dll+0x457b31]
V  [jvm.dll+0x459721]
C  [jli.dll+0x52d0]
C  [ucrtbase.dll+0x37b0]
C  [KERNEL32.DLL+0x2e8d7]
C  [ntdll.dll+0x8c48c]


---------------  P R O C E S S  ---------------

Threads class SMR info:
_java_thread_list=0x0000028b0ab88660, length=1, elements={
0x0000028b0ab6ea40
}

Java Threads: ( => current thread )
=>0x0000028b0ab6ea40 JavaThread "Unknown thread"             [_thread_in_vm, id=21308, stack(0x000000964c500000,0x000000964c600000) (1024K)]
Total: 1

Other Threads:
  0x0000028b0a9eca00 WatcherThread "VM Periodic Task Thread"        [id=2112, stack(0x000000964c700000,0x000000964c800000) (1024K)]
  0x0000028b0ab86230 WorkerThread "GC Thread#0"                     [id=17060, stack(0x000000964c600000,0x000000964c700000) (1024K)]
Total: 2

Threads with active compile tasks:
Total: 0

VM state: not at safepoint (normal execution)

VM Mutex/Monitor currently owned by a thread: None

Heap address: 0x0000000080000000, size: 2048 MB, Compressed Oops mode: 32-bit

CDS archive(s) not mapped
Compressed class space mapped at: 0x0000000100000000-0x0000000140000000, reserved size: 1073741824
Narrow klass base: 0x0000000000000000, Narrow klass shift: 3, Narrow klass range: 0x140000000

GC Precious Log:
 CardTable entry size: 512
 CPUs: 8 total, 8 available
 Memory: 7876M
 Large Page Support: Disabled
 NUMA Support: Disabled
 Compressed Oops: Enabled (32-bit)
 Alignments: Space 512K, Generation 512K, Heap 2M
 Heap Min Capacity: 100M
 Heap Initial Capacity: 100M
 Heap Max Capacity: 2G
 Pre-touch: Disabled
 Parallel Workers: 8

Heap:
 PSYoungGen      total 29696K, used 512K [0x00000000d5580000, 0x00000000d7680000, 0x0000000100000000)
  eden space 25600K, 2% used [0x00000000d5580000,0x00000000d5600070,0x00000000d6e80000)
  from space 4096K, 0% used [0x00000000d7280000,0x00000000d7280000,0x00000000d7680000)
  to   space 4096K, 0% used [0x00000000d6e80000,0x00000000d6e80000,0x00000000d7280000)
 ParOldGen       total 68608K, used 0K [0x0000000080000000, 0x0000000084300000, 0x00000000d5580000)
  object space 68608K, 0% used [0x0000000080000000,0x0000000080000000,0x0000000084300000)
 Metaspace       used 1381K, committed 1408K, reserved 1114112K
  class space    used 111K, committed 128K, reserved 1048576K

Card table byte_map: [0x0000028b0a500000,0x0000028b0a910000] _byte_map_base: 0x0000028b0a100000

Marking Bits: (ParMarkBitMap*) 0x00007ffce91e3450
 Begin Bits: [0x0000028b1d010000, 0x0000028b1f010000)
 End Bits:   [0x0000028b1f010000, 0x0000028b21010000)

Polling page: 0x0000028b089b0000

Metaspace:

Usage:
  Non-class:      1.24 MB used.
      Class:    111.10 KB used.
       Both:      1.35 MB used.

Virtual space:
  Non-class space:       64.00 MB reserved,       1.25 MB (  2%) committed,  1 nodes.
      Class space:        1.00 GB reserved,     128.00 KB ( <1%) committed,  1 nodes.
             Both:        1.06 GB reserved,       1.38 MB ( <1%) committed. 

Chunk freelists:
   Non-Class:  12.00 MB
       Class:  15.75 MB
        Both:  27.75 MB

MaxMetaspaceSize: unlimited
CompressedClassSpaceSize: 1.00 GB
Initial GC threshold: 21.00 MB
Current GC threshold: 17179869184.00 GB
CDS: off
 - commit_granule_bytes: 65536.
 - commit_granule_words: 8192.
 - virtual_space_node_default_size: 8388608.
 - enlarge_chunks_in_place: 1.
 - use_allocation_guard: 0.


Internal statistics:

num_allocs_failed_limit: 0.
num_arena_births: 2.
num_arena_deaths: 0.
num_vsnodes_births: 2.
num_vsnodes_deaths: 0.
num_space_committed: 22.
num_space_uncommitted: 0.
num_chunks_returned_to_freelist: 0.
num_chunks_taken_from_freelist: 3.
num_chunk_merges: 0.
num_chunk_splits: 2.
num_chunks_enlarged: 0.
num_inconsistent_stats: 0.

CodeHeap 'non-profiled nmethods': size=120000Kb used=0Kb max_used=0Kb free=120000Kb
 bounds [0x0000028b15830000, 0x0000028b15aa0000, 0x0000028b1cd60000]
CodeHeap 'profiled nmethods': size=120000Kb used=0Kb max_used=0Kb free=120000Kb
 bounds [0x0000028b0dd60000, 0x0000028b0dfd0000, 0x0000028b15290000]
CodeHeap 'non-nmethods': size=5760Kb used=194Kb max_used=342Kb free=5565Kb
 bounds [0x0000028b15290000, 0x0000028b15500000, 0x0000028b15830000]
CodeCache: size=245760Kb, used=194Kb, max_used=342Kb, free=245565Kb
 total_blobs=70, nmethods=0, adapters=48, full_count=0
Compilation: enabled, stopped_count=0, restarted_count=0

Compilation events (0 events):
No events

GC Heap History (0 events):
No events

Dll operation events (2 events):
Event: 0.029 Loaded shared library c:\Users\Bershikha Rex B S\.vscode\extensions\redhat.java-1.53.0-win32-x64\jre\21.0.10-win32-x86_64\bin\java.dll
Event: 1.094 Loaded shared library c:\Users\Bershikha Rex B S\.vscode\extensions\redhat.java-1.53.0-win32-x64\jre\21.0.10-win32-x86_64\bin\zip.dll

Deoptimization events (0 events):
No events

Classes loaded (20 events):
Event: 1.143 Loading class java/util/Iterator
Event: 1.143 Loading class java/util/Iterator done
Event: 1.143 Loading class java/lang/reflect/RecordComponent
Event: 1.143 Loading class java/lang/reflect/RecordComponent done
Event: 1.143 Loading class jdk/internal/vm/vector/VectorSupport
Event: 1.143 Loading class jdk/internal/vm/vector/VectorSupport done
Event: 1.143 Loading class jdk/internal/vm/vector/VectorSupport$VectorPayload
Event: 1.143 Loading class jdk/internal/vm/vector/VectorSupport$VectorPayload done
Event: 1.143 Loading class jdk/internal/vm/vector/VectorSupport$Vector
Event: 1.143 Loading class jdk/internal/vm/vector/VectorSupport$Vector done
Event: 1.143 Loading class jdk/internal/vm/vector/VectorSupport$VectorMask
Event: 1.143 Loading class jdk/internal/vm/vector/VectorSupport$VectorMask done
Event: 1.143 Loading class jdk/internal/vm/vector/VectorSupport$VectorShuffle
Event: 1.143 Loading class jdk/internal/vm/vector/VectorSupport$VectorShuffle done
Event: 1.143 Loading class jdk/internal/vm/FillerObject
Event: 1.143 Loading class jdk/internal/vm/FillerObject done
Event: 1.146 Loading class java/lang/NullPointerException
Event: 1.146 Loading class java/lang/NullPointerException done
Event: 1.146 Loading class java/lang/ArithmeticException
Event: 1.147 Loading class java/lang/ArithmeticException done

Classes unloaded (0 events):
No events

Classes redefined (0 events):
No events

Internal exceptions (0 events):
No events

ZGC Phase Switch (0 events):
No events

VM Operations (0 events):
No events

Memory protections (0 events):
No events

Nmethod flushes (0 events):
No events

Events (1 events):
Event: 1.088 Thread 0x0000028b0ab6ea40 Thread added: 0x0000028b0ab6ea40


Dynamic libraries:
0x00007ff78dbf0000 - 0x00007ff78dbfe000 	c:\Users\Bershikha Rex B S\.vscode\extensions\redhat.java-1.53.0-win32-x64\jre\21.0.10-win32-x86_64\bin\java.exe
0x00007ffd5e160000 - 0x00007ffd5e3c7000 	C:\WINDOWS\SYSTEM32\ntdll.dll
0x00007ffd5cda0000 - 0x00007ffd5ce69000 	C:\WINDOWS\System32\KERNEL32.DLL
0x00007ffd5b850000 - 0x00007ffd5bc41000 	C:\WINDOWS\System32\KERNELBASE.dll
0x00007ffd57eb0000 - 0x00007ffd57f4f000 	C:\WINDOWS\SYSTEM32\apphelp.dll
0x00007ffd5abb0000 - 0x00007ffd5acfb000 	C:\WINDOWS\System32\ucrtbase.dll
0x00007ffd47170000 - 0x00007ffd47188000 	c:\Users\Bershikha Rex B S\.vscode\extensions\redhat.java-1.53.0-win32-x64\jre\21.0.10-win32-x86_64\bin\jli.dll
0x00007ffd57b60000 - 0x00007ffd57b7e000 	c:\Users\Bershikha Rex B S\.vscode\extensions\redhat.java-1.53.0-win32-x64\jre\21.0.10-win32-x86_64\bin\VCRUNTIME140.dll
0x00007ffd5dec0000 - 0x00007ffd5e085000 	C:\WINDOWS\System32\USER32.dll
0x00007ffd5bed0000 - 0x00007ffd5bef7000 	C:\WINDOWS\System32\win32u.dll
0x00007ffd5d300000 - 0x00007ffd5d32b000 	C:\WINDOWS\System32\GDI32.dll
0x00007ffd3b810000 - 0x00007ffd3baa3000 	C:\WINDOWS\WinSxS\amd64_microsoft.windows.common-controls_6595b64144ccf1df_6.0.26100.8037_none_3e092faae333b53b\COMCTL32.dll
0x00007ffd5bda0000 - 0x00007ffd5becb000 	C:\WINDOWS\System32\gdi32full.dll
0x00007ffd5c190000 - 0x00007ffd5c239000 	C:\WINDOWS\System32\msvcrt.dll
0x00007ffd5ad00000 - 0x00007ffd5ada3000 	C:\WINDOWS\System32\msvcp_win.dll
0x00007ffd5c3f0000 - 0x00007ffd5c421000 	C:\WINDOWS\System32\IMM32.DLL
0x00007ffd44fe0000 - 0x00007ffd44fec000 	c:\Users\Bershikha Rex B S\.vscode\extensions\redhat.java-1.53.0-win32-x64\jre\21.0.10-win32-x86_64\bin\vcruntime140_1.dll
0x00007ffd17eb0000 - 0x00007ffd17f3d000 	c:\Users\Bershikha Rex B S\.vscode\extensions\redhat.java-1.53.0-win32-x64\jre\21.0.10-win32-x86_64\bin\msvcp140.dll
0x00007ffce8520000 - 0x00007ffce92c1000 	c:\Users\Bershikha Rex B S\.vscode\extensions\redhat.java-1.53.0-win32-x64\jre\21.0.10-win32-x86_64\bin\server\jvm.dll
0x00007ffd5c330000 - 0x00007ffd5c3eb000 	C:\WINDOWS\System32\ADVAPI32.dll
0x00007ffd5d830000 - 0x00007ffd5d8d7000 	C:\WINDOWS\System32\sechost.dll
0x00007ffd5c4d0000 - 0x00007ffd5c5e8000 	C:\WINDOWS\System32\RPCRT4.dll
0x00007ffd5bf00000 - 0x00007ffd5bf74000 	C:\WINDOWS\System32\WS2_32.dll
0x00007ffd55e50000 - 0x00007ffd55e85000 	C:\WINDOWS\SYSTEM32\WINMM.dll
0x00007ffd5a8a0000 - 0x00007ffd5a8fe000 	C:\WINDOWS\SYSTEM32\POWRPROF.dll
0x00007ffd3d630000 - 0x00007ffd3d63b000 	C:\WINDOWS\SYSTEM32\VERSION.dll
0x00007ffd5a880000 - 0x00007ffd5a894000 	C:\WINDOWS\SYSTEM32\UMPDC.dll
0x00007ffd597d0000 - 0x00007ffd597eb000 	C:\WINDOWS\SYSTEM32\kernel.appcore.dll
0x00007ffd44d90000 - 0x00007ffd44d9a000 	c:\Users\Bershikha Rex B S\.vscode\extensions\redhat.java-1.53.0-win32-x64\jre\21.0.10-win32-x86_64\bin\jimage.dll
0x00007ffd58770000 - 0x00007ffd589b2000 	C:\WINDOWS\SYSTEM32\DBGHELP.DLL
0x00007ffd5d430000 - 0x00007ffd5d7b2000 	C:\WINDOWS\System32\combase.dll
0x00007ffd5bf80000 - 0x00007ffd5c057000 	C:\WINDOWS\System32\OLEAUT32.dll
0x00007ffd33ae0000 - 0x00007ffd33b1b000 	C:\WINDOWS\SYSTEM32\dbgcore.DLL
0x00007ffd5b620000 - 0x00007ffd5b6c5000 	C:\WINDOWS\System32\bcryptPrimitives.dll
0x00007ffd44d80000 - 0x00007ffd44d8f000 	c:\Users\Bershikha Rex B S\.vscode\extensions\redhat.java-1.53.0-win32-x64\jre\21.0.10-win32-x86_64\bin\instrument.dll
0x00007ffd44940000 - 0x00007ffd44960000 	c:\Users\Bershikha Rex B S\.vscode\extensions\redhat.java-1.53.0-win32-x64\jre\21.0.10-win32-x86_64\bin\java.dll
0x00007ffd44920000 - 0x00007ffd44938000 	c:\Users\Bershikha Rex B S\.vscode\extensions\redhat.java-1.53.0-win32-x64\jre\21.0.10-win32-x86_64\bin\zip.dll

JVMTI agents:
c:\Users\Bershikha Rex B S\.vscode\extensions\redhat.java-1.53.0-win32-x64\lombok\lombok-1.18.39-4050.jar path:none, loaded, not initialized, instrumentlib options:none

dbghelp: loaded successfully - version: 4.0.5 - missing functions: none
symbol engine: initialized successfully - sym options: 0x614 - pdb path: .;c:\Users\Bershikha Rex B S\.vscode\extensions\redhat.java-1.53.0-win32-x64\jre\21.0.10-win32-x86_64\bin;C:\WINDOWS\SYSTEM32;C:\WINDOWS\WinSxS\amd64_microsoft.windows.common-controls_6595b64144ccf1df_6.0.26100.8037_none_3e092faae333b53b;c:\Users\Bershikha Rex B S\.vscode\extensions\redhat.java-1.53.0-win32-x64\jre\21.0.10-win32-x86_64\bin\server

VM Arguments:
jvm_args: --add-modules=ALL-SYSTEM --add-opens=java.base/java.util=ALL-UNNAMED --add-opens=java.base/java.lang=ALL-UNNAMED --add-opens=java.base/sun.nio.fs=ALL-UNNAMED -Declipse.application=org.eclipse.jdt.ls.core.id1 -Dosgi.bundles.defaultStartLevel=4 -Declipse.product=org.eclipse.jdt.ls.core.product -Djava.import.generatesMetadataFilesAtProjectRoot=false -DDetectVMInstallationsJob.disabled=true -Dfile.encoding=utf8 -XX:+UseParallelGC -XX:GCTimeRatio=4 -XX:AdaptiveSizePolicyWeight=90 -Dsun.zip.disableMemoryMapping=true -Xmx2G -Xms100m -Xlog:disable -javaagent:c:\Users\Bershikha Rex B S\.vscode\extensions\redhat.java-1.53.0-win32-x64\lombok\lombok-1.18.39-4050.jar 
java_command: c:\Users\Bershikha Rex B S\.vscode\extensions\redhat.java-1.53.0-win32-x64\server\plugins\org.eclipse.equinox.launcher_1.7.100.v20251111-0406.jar -configuration c:\Users\Bershikha Rex B S\AppData\Roaming\Code\User\globalStorage\redhat.java\1.53.0\config_ss_win -data c:\Users\Bershikha Rex B S\AppData\Roaming\Code\User\workspaceStorage\d17b2a8bda375e4a375c6919c8b59eb3\redhat.java\ss_ws --pipe=\\.\pipe\lsp-83da918c4dd5161e7e00c4ba312d1028-sock
java_class_path (initial): c:\Users\Bershikha Rex B S\.vscode\extensions\redhat.java-1.53.0-win32-x64\server\plugins\org.eclipse.equinox.launcher_1.7.100.v20251111-0406.jar
Launcher Type: SUN_STANDARD

[Global flags]
    uintx AdaptiveSizePolicyWeight                 = 90                                        {product} {command line}
     intx CICompilerCount                          = 4                                         {product} {ergonomic}
    uintx GCTimeRatio                              = 4                                         {product} {command line}
   size_t InitialHeapSize                          = 104857600                                 {product} {command line}
   size_t MaxHeapSize                              = 2147483648                                {product} {command line}
   size_t MaxNewSize                               = 715653120                                 {product} {ergonomic}
   size_t MinHeapDeltaBytes                        = 524288                                    {product} {ergonomic}
   size_t MinHeapSize                              = 104857600                                 {product} {command line}
   size_t NewSize                                  = 34603008                                  {product} {ergonomic}
    uintx NonNMethodCodeHeapSize                   = 5839372                                {pd product} {ergonomic}
    uintx NonProfiledCodeHeapSize                  = 122909434                              {pd product} {ergonomic}
   size_t OldSize                                  = 70254592                                  {product} {ergonomic}
    uintx ProfiledCodeHeapSize                     = 122909434                              {pd product} {ergonomic}
    uintx ReservedCodeCacheSize                    = 251658240                              {pd product} {ergonomic}
     bool SegmentedCodeCache                       = true                                      {product} {ergonomic}
   size_t SoftMaxHeapSize                          = 2147483648                             {manageable} {ergonomic}
     bool UseCompressedOops                        = true                           {product lp64_product} {ergonomic}
     bool UseLargePagesIndividualAllocation        = false                                  {pd product} {ergonomic}
     bool UseParallelGC                            = true                                      {product} {command line}

Logging:
Log output configuration:
 #0: stdout all=off uptime,level,tags foldmultilines=false
 #1: stderr all=off uptime,level,tags foldmultilines=false

Release file:
<release file has not been read>
Environment Variables:
PATH=C:\Users\Bershikha Rex B S\AppData\Local\Programs\Microsoft VS Code;C:\Program Files\Common Files\Oracle\Java\javapath;C:\Program Files\Eclipse Adoptium\jdk-21.0.7.6-hotspot\bin;C:\WINDOWS\system32;C:\WINDOWS;C:\WINDOWS\System32\Wbem;C:\WINDOWS\System32\WindowsPowerShell\v1.0\;C:\WINDOWS\System32\OpenSSH\;C:\Program Files\dotnet\;C:\Program Files (x86)\Microsoft SQL Server\160\Tools\Binn\;C:\Program Files\Microsoft SQL Server\160\Tools\Binn\;C:\Program Files\Microsoft SQL Server\Client SDK\ODBC\170\Tools\Binn\;C:\Program Files\Microsoft SQL Server\160\DTS\Binn\;C:\Program Files (x86)\Microsoft SQL Server\160\DTS\Binn\;C:\Program Files\nodejs\;C:\Users\Bershikha Rex B S\grievance-system\app\Git\cmd;C:\Program Files\MySQL\MySQL Shell 8.0\bin\;C:\Users\Bershikha Rex B S\AppData\Local\Programs\Python\Python313\Scripts\;C:\Users\Bershikha Rex B S\AppData\Local\Programs\Python\Python313\;C:\Users\Bershikha Rex B S\AppData\Local\Programs\Python\Launcher\;C:\Users\Bershikha Rex B S\AppData\Local\Microsoft\WindowsApps;C:\Users\Bershikha Rex B S\AppData\Local\Programs\Microsoft VS Code\bin;C:\Users\Bershikha Rex B S\AppData\Roaming\npm;C:\Users\Bershikha Rex B S\AppData\Local\Programs\Antigravity\bin
USERNAME=Bershikha Rex B S
OS=Windows_NT
PROCESSOR_IDENTIFIER=Intel64 Family 6 Model 154 Stepping 4, GenuineIntel
TMP=C:\Users\BERSHI~1\AppData\Local\Temp
TEMP=C:\Users\BERSHI~1\AppData\Local\Temp




Periodic native trim disabled

---------------  S Y S T E M  ---------------

OS:
 Windows 11 , 64 bit Build 26100 (10.0.26100.7920)
OS uptime: 10 days 1:26 hours
Hyper-V role detected

CPU: total 8 (initial active 8) (4 cores per cpu, 2 threads per core) family 6 model 154 stepping 4 microcode 0x43b, cx8, cmov, fxsr, ht, mmx, 3dnowpref, sse, sse2, sse3, ssse3, sse4.1, sse4.2, popcnt, lzcnt, tsc, tscinvbit, avx, avx2, aes, erms, clmul, bmi1, bmi2, adx, sha, fma, vzeroupper, clflush, clflushopt, clwb, hv, serialize, rdtscp, rdpid, fsrm, f16c, cet_ibt, cet_ss
Processor Information for the first 8 processors :
  Max Mhz: 1200, Current Mhz: 1200, Mhz Limit: 1200

Memory: 4k page, system-wide physical 7876M (690M free)
TotalPageFile size 24644M (AvailPageFile size 3M)
current process WorkingSet (physical memory assigned to process): 19M, peak: 19M
current process commit charge ("private bytes"): 191M, peak: 192M

vm_info: OpenJDK 64-Bit Server VM (21.0.10+7-LTS) for windows-amd64 JRE (21.0.10+7-LTS), built on 2026-01-20T00:00:00Z by "admin" with MS VC++ 17.12 (VS2022)

END.
